<?xml version="1.0" encoding="UTF-8"?>
<!DOCTYPE mapper
        PUBLIC "-//mybatis.org//DTD Mapper 3.0//EN"
        "http://mybatis.org/dtd/mybatis-3-mapper.dtd">
<mapper namespace="com.budailad.mapper.UserMapper">

    <resultMap type="com.budailad.entity.User" id="userResult">
        <id property="ID" column="id" />
        <result property="userName" column="user_name"/>
        <result property="password" column="password"/>
    </resultMap>

    <select id="list" resultMap="userResult">
        select * from tb_user
    </select>

</mapper>